<?xml version="1.0" encoding="UTF-8"?>
<testng-results skipped="0" failed="0" ignored="0" total="1" passed="1">
  <reporter-output>
  </reporter-output>
  <suite name="Default suite" duration-ms="11545" started-at="2022-01-06T07:11:11Z" finished-at="2022-01-06T07:11:22Z">
    <groups>
    </groups>
    <test name="Default test" duration-ms="11545" started-at="2022-01-06T07:11:11Z" finished-at="2022-01-06T07:11:22Z">
      <class name="lambdaDemo.Lambdatest">
        <test-method status="PASS" signature="setUp()[pri:0, instance:lambdaDemo.Lambdatest@47c62251]" name="setUp" is-config="true" duration-ms="6524" started-at="2022-01-06T07:11:11Z" finished-at="2022-01-06T07:11:17Z">
          <reporter-output>
          </reporter-output>
        </test-method> <!-- setUp -->
        <test-method status="PASS" signature="testScript()[pri:0, instance:lambdaDemo.Lambdatest@47c62251]" name="testScript" duration-ms="5002" started-at="2022-01-06T07:11:17Z" finished-at="2022-01-06T07:11:22Z">
          <reporter-output>
          </reporter-output>
        </test-method> <!-- testScript -->
      </class> <!-- lambdaDemo.Lambdatest -->
    </test> <!-- Default test -->
  </suite> <!-- Default suite -->
</testng-results>
