<?xml version="1.0" encoding="UTF-8"?>
<testng-results skipped="0" failed="0" ignored="0" total="1" passed="1">
  <reporter-output>
  </reporter-output>
  <suite name="Suite" duration-ms="12297" started-at="2022-01-07T13:31:22 IST" finished-at="2022-01-07T13:31:34 IST">
    <groups>
    </groups>
    <test name="Test" duration-ms="12297" started-at="2022-01-07T13:31:22 IST" finished-at="2022-01-07T13:31:34 IST">
      <class name="lambdaDemo.Lambdatest">
        <test-method status="PASS" signature="setUp()[pri:0, instance:lambdaDemo.Lambdatest@64f6106c]" name="setUp" is-config="true" duration-ms="7371" started-at="2022-01-07T13:31:22 IST" finished-at="2022-01-07T13:31:29 IST">
          <reporter-output>
          </reporter-output>
        </test-method> <!-- setUp -->
        <test-method status="PASS" signature="testScript()[pri:0, instance:lambdaDemo.Lambdatest@64f6106c]" name="testScript" duration-ms="4885" started-at="2022-01-07T13:31:29 IST" finished-at="2022-01-07T13:31:34 IST">
          <reporter-output>
          </reporter-output>
        </test-method> <!-- testScript -->
      </class> <!-- lambdaDemo.Lambdatest -->
    </test> <!-- Test -->
  </suite> <!-- Suite -->
</testng-results>
